<?xml version="1.0" encoding="UTF-8"?>
<!-- Generated by org.testng.reporters.JUnitReportReporter -->
<testsuite hostname="DESKTOP-QT4AUFP" failures="0" tests="1" name="Samplepackage.Testprogramme" time="0.011" errors="0" timestamp="30 Nov 2018 16:15:21 GMT" skipped="0">
  <testcase classname="Samplepackage.Testprogramme" name="testmethod" time="0.011"/>
</testsuite> <!-- Samplepackage.Testprogramme -->
